Using pre-set license
Built from '2022.3/staging' branch; Version is '2022.3.22f1 (887be4894c44) revision 8944612'; Using compiler version '192829333'; Build Type 'Release'
OS: 'Windows 11  (10.0.22631) 64bit Core' Language: 'en' Physical Memory: 16243 MB
BatchMode: 1, IsHumanControllingUs: 0, StartBugReporterOnCrash: 0, Is64bit: 1, IsPro: 1

COMMAND LINE ARGUMENTS:
F:\Unity\Unity Editor\2022.3.22f1\Editor\Unity.exe
-adb2
-batchMode
-noUpm
-name
AssetImportWorker1
-projectPath
F:/Unity/Chem Game
-logFile
Logs/AssetImportWorker1.log
-srvPort
51803
Successfully changed project path to: F:/Unity/Chem Game
F:/Unity/Chem Game
[UnityMemory] Configuration Parameters - Can be set up in boot.config
    "memorysetup-bucket-allocator-granularity=16"
    "memorysetup-bucket-allocator-bucket-count=8"
    "memorysetup-bucket-allocator-block-size=33554432"
    "memorysetup-bucket-allocator-block-count=8"
    "memorysetup-main-allocator-block-size=16777216"
    "memorysetup-thread-allocator-block-size=16777216"
    "memorysetup-gfx-main-allocator-block-size=16777216"
    "memorysetup-gfx-thread-allocator-block-size=16777216"
    "memorysetup-cache-allocator-block-size=4194304"
    "memorysetup-typetree-allocator-block-size=2097152"
    "memorysetup-profiler-bucket-allocator-granularity=16"
    "memorysetup-profiler-bucket-allocator-bucket-count=8"
    "memorysetup-profiler-bucket-allocator-block-size=33554432"
    "memorysetup-profiler-bucket-allocator-block-count=8"
    "memorysetup-profiler-allocator-block-size=16777216"
    "memorysetup-profiler-editor-allocator-block-size=1048576"
    "memorysetup-temp-allocator-size-main=16777216"
    "memorysetup-job-temp-allocator-block-size=2097152"
    "memorysetup-job-temp-allocator-block-size-background=1048576"
    "memorysetup-job-temp-allocator-reduction-small-platforms=262144"
    "memorysetup-allocator-temp-initial-block-size-main=262144"
    "memorysetup-allocator-temp-initial-block-size-worker=262144"
    "memorysetup-temp-allocator-size-background-worker=32768"
    "memorysetup-temp-allocator-size-job-worker=262144"
    "memorysetup-temp-allocator-size-preload-manager=33554432"
    "memorysetup-temp-allocator-size-nav-mesh-worker=65536"
    "memorysetup-temp-allocator-size-audio-worker=65536"
    "memorysetup-temp-allocator-size-cloud-worker=32768"
    "memorysetup-temp-allocator-size-gi-baking-worker=262144"
    "memorysetup-temp-allocator-size-gfx=262144"
Player connection [18500] Host "[IP] 50.30.225.83 [Port] 0 [Flags] 2 [Guid] 1190574552 [EditorId] 1190574552 [Version] 1048832 [Id] WindowsEditor(7,SBBPC) [Debug] 1 [PackageName] WindowsEditor [ProjectName] Editor" joined multi-casting on [225.0.0.222:54997]...

Player connection [18500] Host "[IP] 50.30.225.83 [Port] 0 [Flags] 2 [Guid] 1190574552 [EditorId] 1190574552 [Version] 1048832 [Id] WindowsEditor(7,SBBPC) [Debug] 1 [PackageName] WindowsEditor [ProjectName] Editor" joined alternative multi-casting on [225.0.0.222:34997]...

[Physics::Module] Initialized MultithreadedJobDispatcher with 15 workers.
Refreshing native plugins compatible for Editor in 3.41 ms, found 3 plugins.
Preloading 0 native plugins for Editor in 0.00 ms.
Initialize engine version: 2022.3.22f1 (887be4894c44)
[Subsystems] Discovering subsystems at path F:/Unity/Unity Editor/2022.3.22f1/Editor/Data/Resources/UnitySubsystems
[Subsystems] Discovering subsystems at path F:/Unity/Chem Game/Assets
GfxDevice: creating device client; threaded=0; jobified=0
Direct3D:
    Version:  Direct3D 11.0 [level 11.1]
    Renderer: NVIDIA GeForce RTX 3060 (ID=0x2487)
    Vendor:   NVIDIA
    VRAM:     12110 MB
    Driver:   31.0.15.5186
Initialize mono
Mono path[0] = 'F:/Unity/Unity Editor/2022.3.22f1/Editor/Data/Managed'
Mono path[1] = 'F:/Unity/Unity Editor/2022.3.22f1/Editor/Data/MonoBleedingEdge/lib/mono/unityjit-win32'
Mono config path = 'F:/Unity/Unity Editor/2022.3.22f1/Editor/Data/MonoBleedingEdge/etc'
Using monoOptions --debugger-agent=transport=dt_socket,embedding=1,server=y,suspend=n,address=127.0.0.1:56752
Begin MonoManager ReloadAssembly
Registering precompiled unity dll's ...
Register platform support module: F:/Unity/Unity Editor/2022.3.22f1/Editor/Data/PlaybackEngines/WebGLSupport/UnityEditor.WebGL.Extensions.dll
Register platform support module: F:/Unity/Unity Editor/2022.3.22f1/Editor/Data/PlaybackEngines/WindowsStandaloneSupport/UnityEditor.WindowsStandalone.Extensions.dll
Registered in 0.001993 seconds.
- Loaded All Assemblies, in  0.262 seconds
Native extension for WindowsStandalone target not found
Native extension for WebGL target not found
Mono: successfully reloaded assembly
- Finished resetting the current domain, in  0.204 seconds
Domain Reload Profiling: 467ms
	BeginReloadAssembly (83ms)
		ExecutionOrderSort (0ms)
		DisableScriptedObjects (0ms)
		BackupInstance (0ms)
		ReleaseScriptingObjects (0ms)
		CreateAndSetChildDomain (1ms)
	RebuildCommonClasses (26ms)
	RebuildNativeTypeToScriptingClass (7ms)
	initialDomainReloadingComplete (40ms)
	LoadAllAssembliesAndSetupDomain (106ms)
		LoadAssemblies (82ms)
		RebuildTransferFunctionScriptingTraits (0ms)
		AnalyzeDomain (104ms)
			TypeCache.Refresh (103ms)
				TypeCache.ScanAssembly (93ms)
			ScanForSourceGeneratedMonoScriptInfo (0ms)
			ResolveRequiredComponents (0ms)
	FinalizeReload (205ms)
		ReleaseScriptCaches (0ms)
		RebuildScriptCaches (0ms)
		SetupLoadedEditorAssemblies (160ms)
			LogAssemblyErrors (0ms)
			InitializePlatformSupportModulesInManaged (7ms)
			SetLoadedEditorAssemblies (4ms)
			RefreshPlugins (0ms)
			BeforeProcessingInitializeOnLoad (2ms)
			ProcessInitializeOnLoadAttributes (112ms)
			ProcessInitializeOnLoadMethodAttributes (35ms)
			AfterProcessingInitializeOnLoad (0ms)
			EditorAssembliesLoaded (0ms)
		ExecutionOrderSort2 (0ms)
		AwakeInstancesAfterBackupRestoration (0ms)
========================================================================
Worker process is ready to serve import requests
Begin MonoManager ReloadAssembly
- Loaded All Assemblies, in  0.427 seconds
Refreshing native plugins compatible for Editor in 1.38 ms, found 3 plugins.
Native extension for WindowsStandalone target not found
Native extension for WebGL target not found
Package Manager log level set to [2]
[Package Manager] Server::EnsureServerProcessIsRunning -- launch failed, reason: Unity was launched with the -noUpm command-line argument
[Package Manager] UpmClient::Send -- Unable to send message (not connected to UPM process).
[Package Manager] Cannot connect to Unity Package Manager local server
Mono: successfully reloaded assembly
- Finished resetting the current domain, in  0.536 seconds
Domain Reload Profiling: 963ms
	BeginReloadAssembly (105ms)
		ExecutionOrderSort (0ms)
		DisableScriptedObjects (3ms)
		BackupInstance (0ms)
		ReleaseScriptingObjects (0ms)
		CreateAndSetChildDomain (17ms)
	RebuildCommonClasses (23ms)
	RebuildNativeTypeToScriptingClass (8ms)
	initialDomainReloadingComplete (28ms)
	LoadAllAssembliesAndSetupDomain (262ms)
		LoadAssemblies (189ms)
		RebuildTransferFunctionScriptingTraits (0ms)
		AnalyzeDomain (132ms)
			TypeCache.Refresh (115ms)
				TypeCache.ScanAssembly (104ms)
			ScanForSourceGeneratedMonoScriptInfo (11ms)
			ResolveRequiredComponents (4ms)
	FinalizeReload (537ms)
		ReleaseScriptCaches (0ms)
		RebuildScriptCaches (0ms)
		SetupLoadedEditorAssemblies (420ms)
			LogAssemblyErrors (0ms)
			InitializePlatformSupportModulesInManaged (4ms)
			SetLoadedEditorAssemblies (3ms)
			RefreshPlugins (0ms)
			BeforeProcessingInitializeOnLoad (39ms)
			ProcessInitializeOnLoadAttributes (358ms)
			ProcessInitializeOnLoadMethodAttributes (14ms)
			AfterProcessingInitializeOnLoad (1ms)
			EditorAssembliesLoaded (0ms)
		ExecutionOrderSort2 (0ms)
		AwakeInstancesAfterBackupRestoration (5ms)
Launched and connected shader compiler UnityShaderCompiler.exe after 0.04 seconds
Refreshing native plugins compatible for Editor in 1.01 ms, found 3 plugins.
Preloading 0 native plugins for Editor in 0.00 ms.
Unloading 3093 Unused Serialized files (Serialized files now loaded: 0)
Unloading 32 unused Assets / (57.0 KB). Loaded Objects now: 3568.
Memory consumption went from 130.8 MB to 130.7 MB.
Total: 2.282900 ms (FindLiveObjects: 0.146900 ms CreateObjectMapping: 0.066700 ms MarkObjects: 1.989400 ms  DeleteObjects: 0.079100 ms)

AssetImportParameters requested are different than current active one (requested -> active):
  custom:container-demuxer-ogg: 62fdf1f143b41e24485cea50d1cbac27 -> 
  custom:video-decoder-ogg-theora: a1e56fd34408186e4bbccfd4996cb3dc -> 
  custom:framework-win-MediaFoundation: 216162199b28c13a410421893ffa2e32 -> 
  custom:CustomObjectIndexerAttribute: 9a22284fe3817be447336de3de66b15e -> 
  custom:container-demuxer-webm: 4f35f7cbe854078d1ac9338744f61a02 -> 
  custom:container-muxer-webm: aa71ff27fc2769a1b78a27578f13a17b -> 
  custom:video-decoder-webm-vp8: 9c59270c3fd7afecdb556c50c9e8de78 -> 
  custom:SearchIndexIgnoredProperties: e643bd26f0fe6173181afceb89e7c659 -> 
  custom:AudioImporter_EditorPlatform: d09bf68614088b80899f8185d706f6e7 -> 
  custom:video-encoder-webm-vp8: eb34c28f22e8b96e1ab97ce403110664 -> 
  custom:audio-decoder-ogg-vorbis: bf7c407c2cedff20999df2af8eb42d56 -> 
  custom:audio-encoder-webm-vorbis: bf7c407c2cedff20999df2af8eb42d56 -> 
========================================================================
Received Import Request.
  Time since last request: 318886.151184 seconds.
  path: Assets/New Terrain.asset
  artifactKey: Guid(28fb237808b039c4eacdf7a7f0649c19) Importer(815301076,1909f56bfc062723c751e8b465ee728b)
Start importing Assets/New Terrain.asset using Guid(28fb237808b039c4eacdf7a7f0649c19) Importer(815301076,1909f56bfc062723c751e8b465ee728b)  -> (artifact id: '5a6a7392275923b22fd0101d161ada99') in 0.010912 seconds
Number of updated asset objects reloaded before import = 0
Number of asset objects unloaded after import = 1
========================================================================
Received Import Request.
  Time since last request: 1385.484995 seconds.
  path: Assets/NewLayer.terrainlayer
  artifactKey: Guid(dfc5704d87152034b92159bc7acf7867) Importer(815301076,1909f56bfc062723c751e8b465ee728b)
Start importing Assets/NewLayer.terrainlayer using Guid(dfc5704d87152034b92159bc7acf7867) Importer(815301076,1909f56bfc062723c751e8b465ee728b)  -> (artifact id: 'e15cac88f5e9b336ea5d5e37ce9d23d7') in 0.084563 seconds
Number of updated asset objects reloaded before import = 0
Number of asset objects unloaded after import = 1
========================================================================
Received Import Request.
  Time since last request: 751.128333 seconds.
  path: Assets/active-ragdolls-master/active-ragdolls/ProjectSettings/ClusterInputManager.asset
  artifactKey: Guid(c20d38377e186e1478409f91185a459d) Importer(815301076,1909f56bfc062723c751e8b465ee728b)
Start importing Assets/active-ragdolls-master/active-ragdolls/ProjectSettings/ClusterInputManager.asset using Guid(c20d38377e186e1478409f91185a459d) Importer(815301076,1909f56bfc062723c751e8b465ee728b)  -> (artifact id: '851dc183f873c4ece62f4e37a8d4dd4a') in 0.001074 seconds
Number of updated asset objects reloaded before import = 0
Number of asset objects unloaded after import = 0
========================================================================
Received Import Request.
  Time since last request: 0.000013 seconds.
  path: Assets/active-ragdolls-master/active-ragdolls/ProjectSettings/EditorSettings.asset
  artifactKey: Guid(b54b8825da582d1459d89f27ec814f91) Importer(815301076,1909f56bfc062723c751e8b465ee728b)
Start importing Assets/active-ragdolls-master/active-ragdolls/ProjectSettings/EditorSettings.asset using Guid(b54b8825da582d1459d89f27ec814f91) Importer(815301076,1909f56bfc062723c751e8b465ee728b)  -> (artifact id: 'd6e9a6406cab377335cb52a028018969') in 0.000302 seconds
Number of updated asset objects reloaded before import = 0
Number of asset objects unloaded after import = 0
========================================================================
Received Import Request.
  Time since last request: 0.000444 seconds.
  path: Assets/active-ragdolls-master/active-ragdolls/ProjectSettings/InputManager.asset
  artifactKey: Guid(fe9a3dd2f547c514bb9d2886cdc60186) Importer(815301076,1909f56bfc062723c751e8b465ee728b)
Start importing Assets/active-ragdolls-master/active-ragdolls/ProjectSettings/InputManager.asset using Guid(fe9a3dd2f547c514bb9d2886cdc60186) Importer(815301076,1909f56bfc062723c751e8b465ee728b)  -> (artifact id: '013a020358a457a3702cadede8ed8f4e') in 0.000294 seconds
Number of updated asset objects reloaded before import = 0
Number of asset objects unloaded after import = 0
========================================================================
Received Import Request.
  Time since last request: 0.000060 seconds.
  path: Assets/active-ragdolls-master/active-ragdolls/ProjectSettings/NavMeshAreas.asset
  artifactKey: Guid(13e5fd52f364d7d428089ae23697f600) Importer(815301076,1909f56bfc062723c751e8b465ee728b)
Start importing Assets/active-ragdolls-master/active-ragdolls/ProjectSettings/NavMeshAreas.asset using Guid(13e5fd52f364d7d428089ae23697f600) Importer(815301076,1909f56bfc062723c751e8b465ee728b)  -> (artifact id: '86a7391294ed483d3d0b4b852b345b2a') in 0.000283 seconds
Number of updated asset objects reloaded before import = 0
Number of asset objects unloaded after import = 0
========================================================================
Received Import Request.
  Time since last request: 0.000179 seconds.
  path: Assets/active-ragdolls-master/active-ragdolls/ProjectSettings/PresetManager.asset
  artifactKey: Guid(3c0b8063c476e7a43ad137ff47ffd2fe) Importer(815301076,1909f56bfc062723c751e8b465ee728b)
Start importing Assets/active-ragdolls-master/active-ragdolls/ProjectSettings/PresetManager.asset using Guid(3c0b8063c476e7a43ad137ff47ffd2fe) Importer(815301076,1909f56bfc062723c751e8b465ee728b)  -> (artifact id: 'd94268dc56eb88652a32464d96bdeae4') in 0.000463 seconds
Number of updated asset objects reloaded before import = 0
Number of asset objects unloaded after import = 0
========================================================================
Received Import Request.
  Time since last request: 0.000012 seconds.
  path: Assets/active-ragdolls-master/active-ragdolls/ProjectSettings/Physics2DSettings.asset
  artifactKey: Guid(31cf01d8358f2a64faac19526c44b5da) Importer(815301076,1909f56bfc062723c751e8b465ee728b)
Start importing Assets/active-ragdolls-master/active-ragdolls/ProjectSettings/Physics2DSettings.asset using Guid(31cf01d8358f2a64faac19526c44b5da) Importer(815301076,1909f56bfc062723c751e8b465ee728b)  -> (artifact id: '203c0b0720d6d5e7b17660887b0fcfbd') in 0.000298 seconds
Number of updated asset objects reloaded before import = 0
Number of asset objects unloaded after import = 0
========================================================================
Received Import Request.
  Time since last request: 0.004125 seconds.
  path: Assets/active-ragdolls-master/active-ragdolls/ProjectSettings/UnityConnectSettings.asset
  artifactKey: Guid(28c047af124318843a39cd8ba586a11f) Importer(815301076,1909f56bfc062723c751e8b465ee728b)
Start importing Assets/active-ragdolls-master/active-ragdolls/ProjectSettings/UnityConnectSettings.asset using Guid(28c047af124318843a39cd8ba586a11f) Importer(815301076,1909f56bfc062723c751e8b465ee728b)  -> (artifact id: 'bb954550e8876f64b37c361b43081e14') in 0.000397 seconds
Number of updated asset objects reloaded before import = 0
Number of asset objects unloaded after import = 0
Editor requested this worker to shutdown with reason: Scaling down because of idle timeout
TcpMessagingSession - receive error: operation aborted. errorcode: 995, details: The I/O operation has been aborted because of either a thread exit or an application request.
AssetImportWorker is now disconnected from the server
Process exiting
Exiting without the bug reporter. Application will terminate with return code 0