Using pre-set license
Built from '2022.3/staging' branch; Version is '2022.3.22f1 (887be4894c44) revision 8944612'; Using compiler version '192829333'; Build Type 'Release'
OS: 'Windows 11  (10.0.22631) 64bit Core' Language: 'en' Physical Memory: 16243 MB
BatchMode: 1, IsHumanControllingUs: 0, StartBugReporterOnCrash: 0, Is64bit: 1, IsPro: 1

COMMAND LINE ARGUMENTS:
F:\Unity\Unity Editor\2022.3.22f1\Editor\Unity.exe
-adb2
-batchMode
-noUpm
-name
AssetImportWorker0
-projectPath
F:/Unity/Chem Game
-logFile
Logs/AssetImportWorker0.log
-srvPort
51803
Successfully changed project path to: F:/Unity/Chem Game
F:/Unity/Chem Game
[UnityMemory] Configuration Parameters - Can be set up in boot.config
    "memorysetup-bucket-allocator-granularity=16"
    "memorysetup-bucket-allocator-bucket-count=8"
    "memorysetup-bucket-allocator-block-size=33554432"
    "memorysetup-bucket-allocator-block-count=8"
    "memorysetup-main-allocator-block-size=16777216"
    "memorysetup-thread-allocator-block-size=16777216"
    "memorysetup-gfx-main-allocator-block-size=16777216"
    "memorysetup-gfx-thread-allocator-block-size=16777216"
    "memorysetup-cache-allocator-block-size=4194304"
    "memorysetup-typetree-allocator-block-size=2097152"
    "memorysetup-profiler-bucket-allocator-granularity=16"
    "memorysetup-profiler-bucket-allocator-bucket-count=8"
    "memorysetup-profiler-bucket-allocator-block-size=33554432"
    "memorysetup-profiler-bucket-allocator-block-count=8"
    "memorysetup-profiler-allocator-block-size=16777216"
    "memorysetup-profiler-editor-allocator-block-size=1048576"
    "memorysetup-temp-allocator-size-main=16777216"
    "memorysetup-job-temp-allocator-block-size=2097152"
    "memorysetup-job-temp-allocator-block-size-background=1048576"
    "memorysetup-job-temp-allocator-reduction-small-platforms=262144"
    "memorysetup-allocator-temp-initial-block-size-main=262144"
    "memorysetup-allocator-temp-initial-block-size-worker=262144"
    "memorysetup-temp-allocator-size-background-worker=32768"
    "memorysetup-temp-allocator-size-job-worker=262144"
    "memorysetup-temp-allocator-size-preload-manager=33554432"
    "memorysetup-temp-allocator-size-nav-mesh-worker=65536"
    "memorysetup-temp-allocator-size-audio-worker=65536"
    "memorysetup-temp-allocator-size-cloud-worker=32768"
    "memorysetup-temp-allocator-size-gi-baking-worker=262144"
    "memorysetup-temp-allocator-size-gfx=262144"
Player connection [14244] Host "[IP] 50.30.225.83 [Port] 0 [Flags] 2 [Guid] 1576421383 [EditorId] 1576421383 [Version] 1048832 [Id] WindowsEditor(7,SBBPC) [Debug] 1 [PackageName] WindowsEditor [ProjectName] Editor" joined multi-casting on [225.0.0.222:54997]...

Player connection [14244] Host "[IP] 50.30.225.83 [Port] 0 [Flags] 2 [Guid] 1576421383 [EditorId] 1576421383 [Version] 1048832 [Id] WindowsEditor(7,SBBPC) [Debug] 1 [PackageName] WindowsEditor [ProjectName] Editor" joined alternative multi-casting on [225.0.0.222:34997]...

[Physics::Module] Initialized MultithreadedJobDispatcher with 15 workers.
Refreshing native plugins compatible for Editor in 2.69 ms, found 3 plugins.
Preloading 0 native plugins for Editor in 0.00 ms.
Initialize engine version: 2022.3.22f1 (887be4894c44)
[Subsystems] Discovering subsystems at path F:/Unity/Unity Editor/2022.3.22f1/Editor/Data/Resources/UnitySubsystems
[Subsystems] Discovering subsystems at path F:/Unity/Chem Game/Assets
GfxDevice: creating device client; threaded=0; jobified=0
Direct3D:
    Version:  Direct3D 11.0 [level 11.1]
    Renderer: NVIDIA GeForce RTX 3060 (ID=0x2487)
    Vendor:   NVIDIA
    VRAM:     12110 MB
    Driver:   31.0.15.5186
Initialize mono
Mono path[0] = 'F:/Unity/Unity Editor/2022.3.22f1/Editor/Data/Managed'
Mono path[1] = 'F:/Unity/Unity Editor/2022.3.22f1/Editor/Data/MonoBleedingEdge/lib/mono/unityjit-win32'
Mono config path = 'F:/Unity/Unity Editor/2022.3.22f1/Editor/Data/MonoBleedingEdge/etc'
Using monoOptions --debugger-agent=transport=dt_socket,embedding=1,server=y,suspend=n,address=127.0.0.1:56172
Begin MonoManager ReloadAssembly
Registering precompiled unity dll's ...
Register platform support module: F:/Unity/Unity Editor/2022.3.22f1/Editor/Data/PlaybackEngines/WebGLSupport/UnityEditor.WebGL.Extensions.dll
Register platform support module: F:/Unity/Unity Editor/2022.3.22f1/Editor/Data/PlaybackEngines/WindowsStandaloneSupport/UnityEditor.WindowsStandalone.Extensions.dll
Registered in 0.001973 seconds.
- Loaded All Assemblies, in  0.249 seconds
Native extension for WindowsStandalone target not found
Native extension for WebGL target not found
Mono: successfully reloaded assembly
- Finished resetting the current domain, in  0.212 seconds
Domain Reload Profiling: 461ms
	BeginReloadAssembly (76ms)
		ExecutionOrderSort (0ms)
		DisableScriptedObjects (0ms)
		BackupInstance (0ms)
		ReleaseScriptingObjects (0ms)
		CreateAndSetChildDomain (1ms)
	RebuildCommonClasses (27ms)
	RebuildNativeTypeToScriptingClass (7ms)
	initialDomainReloadingComplete (37ms)
	LoadAllAssembliesAndSetupDomain (102ms)
		LoadAssemblies (75ms)
		RebuildTransferFunctionScriptingTraits (0ms)
		AnalyzeDomain (100ms)
			TypeCache.Refresh (99ms)
				TypeCache.ScanAssembly (90ms)
			ScanForSourceGeneratedMonoScriptInfo (0ms)
			ResolveRequiredComponents (0ms)
	FinalizeReload (212ms)
		ReleaseScriptCaches (0ms)
		RebuildScriptCaches (0ms)
		SetupLoadedEditorAssemblies (162ms)
			LogAssemblyErrors (0ms)
			InitializePlatformSupportModulesInManaged (6ms)
			SetLoadedEditorAssemblies (4ms)
			RefreshPlugins (0ms)
			BeforeProcessingInitializeOnLoad (2ms)
			ProcessInitializeOnLoadAttributes (113ms)
			ProcessInitializeOnLoadMethodAttributes (37ms)
			AfterProcessingInitializeOnLoad (0ms)
			EditorAssembliesLoaded (0ms)
		ExecutionOrderSort2 (0ms)
		AwakeInstancesAfterBackupRestoration (0ms)
========================================================================
Worker process is ready to serve import requests
Begin MonoManager ReloadAssembly
- Loaded All Assemblies, in  0.447 seconds
Refreshing native plugins compatible for Editor in 0.86 ms, found 3 plugins.
Native extension for WindowsStandalone target not found
Native extension for WebGL target not found
Package Manager log level set to [2]
[Package Manager] Server::EnsureServerProcessIsRunning -- launch failed, reason: Unity was launched with the -noUpm command-line argument
[Package Manager] UpmClient::Send -- Unable to send message (not connected to UPM process).
[Package Manager] Cannot connect to Unity Package Manager local server
Mono: successfully reloaded assembly
- Finished resetting the current domain, in  0.538 seconds
Domain Reload Profiling: 985ms
	BeginReloadAssembly (114ms)
		ExecutionOrderSort (0ms)
		DisableScriptedObjects (4ms)
		BackupInstance (0ms)
		ReleaseScriptingObjects (0ms)
		CreateAndSetChildDomain (16ms)
	RebuildCommonClasses (24ms)
	RebuildNativeTypeToScriptingClass (8ms)
	initialDomainReloadingComplete (27ms)
	LoadAllAssembliesAndSetupDomain (273ms)
		LoadAssemblies (201ms)
		RebuildTransferFunctionScriptingTraits (0ms)
		AnalyzeDomain (133ms)
			TypeCache.Refresh (118ms)
				TypeCache.ScanAssembly (108ms)
			ScanForSourceGeneratedMonoScriptInfo (10ms)
			ResolveRequiredComponents (3ms)
	FinalizeReload (539ms)
		ReleaseScriptCaches (0ms)
		RebuildScriptCaches (0ms)
		SetupLoadedEditorAssemblies (425ms)
			LogAssemblyErrors (0ms)
			InitializePlatformSupportModulesInManaged (5ms)
			SetLoadedEditorAssemblies (3ms)
			RefreshPlugins (0ms)
			BeforeProcessingInitializeOnLoad (40ms)
			ProcessInitializeOnLoadAttributes (361ms)
			ProcessInitializeOnLoadMethodAttributes (16ms)
			AfterProcessingInitializeOnLoad (1ms)
			EditorAssembliesLoaded (0ms)
		ExecutionOrderSort2 (0ms)
		AwakeInstancesAfterBackupRestoration (5ms)
Launched and connected shader compiler UnityShaderCompiler.exe after 0.03 seconds
Refreshing native plugins compatible for Editor in 0.80 ms, found 3 plugins.
Preloading 0 native plugins for Editor in 0.00 ms.
Unloading 3093 Unused Serialized files (Serialized files now loaded: 0)
Unloading 32 unused Assets / (57.1 KB). Loaded Objects now: 3568.
Memory consumption went from 130.8 MB to 130.7 MB.
Total: 2.259400 ms (FindLiveObjects: 0.151700 ms CreateObjectMapping: 0.064200 ms MarkObjects: 1.964800 ms  DeleteObjects: 0.077700 ms)

AssetImportParameters requested are different than current active one (requested -> active):
  custom:container-demuxer-ogg: 62fdf1f143b41e24485cea50d1cbac27 -> 
  custom:video-decoder-ogg-theora: a1e56fd34408186e4bbccfd4996cb3dc -> 
  custom:framework-win-MediaFoundation: 216162199b28c13a410421893ffa2e32 -> 
  custom:CustomObjectIndexerAttribute: 9a22284fe3817be447336de3de66b15e -> 
  custom:container-demuxer-webm: 4f35f7cbe854078d1ac9338744f61a02 -> 
  custom:container-muxer-webm: aa71ff27fc2769a1b78a27578f13a17b -> 
  custom:video-decoder-webm-vp8: 9c59270c3fd7afecdb556c50c9e8de78 -> 
  custom:SearchIndexIgnoredProperties: e643bd26f0fe6173181afceb89e7c659 -> 
  custom:AudioImporter_EditorPlatform: d09bf68614088b80899f8185d706f6e7 -> 
  custom:video-encoder-webm-vp8: eb34c28f22e8b96e1ab97ce403110664 -> 
  custom:audio-decoder-ogg-vorbis: bf7c407c2cedff20999df2af8eb42d56 -> 
  custom:audio-encoder-webm-vorbis: bf7c407c2cedff20999df2af8eb42d56 -> 
========================================================================
Received Import Request.
  Time since last request: 320271.652866 seconds.
  path: Assets/New Terrain.asset
  artifactKey: Guid(28fb237808b039c4eacdf7a7f0649c19) Importer(815301076,1909f56bfc062723c751e8b465ee728b)
Start importing Assets/New Terrain.asset using Guid(28fb237808b039c4eacdf7a7f0649c19) Importer(815301076,1909f56bfc062723c751e8b465ee728b)  -> (artifact id: '950c440ceacafb1da561a43c449ef9bd') in 0.088257 seconds
Number of updated asset objects reloaded before import = 0
Number of asset objects unloaded after import = 3
========================================================================
Received Import Request.
  Time since last request: 22.614616 seconds.
  path: Assets
  artifactKey: Guid(00000000000000001000000000000000) Importer(815301076,1909f56bfc062723c751e8b465ee728b)
Start importing Assets using Guid(00000000000000001000000000000000) Importer(815301076,1909f56bfc062723c751e8b465ee728b)  -> (artifact id: '8a4fe85251aa2e89732c359432baa2c3') in 0.000442 seconds
Number of updated asset objects reloaded before import = 0
Number of asset objects unloaded after import = 0
========================================================================
Received Import Request.
  Time since last request: 532.650998 seconds.
  path: Assets/Scenes
  artifactKey: Guid(7863a94653e1f474a8a8f107ac0214c8) Importer(815301076,1909f56bfc062723c751e8b465ee728b)
Start importing Assets/Scenes using Guid(7863a94653e1f474a8a8f107ac0214c8) Importer(815301076,1909f56bfc062723c751e8b465ee728b)  -> (artifact id: '7d4249925cfbc154e1bb1c7a5b17c777') in 0.000799 seconds
Number of updated asset objects reloaded before import = 0
Number of asset objects unloaded after import = 0
========================================================================
Received Import Request.
  Time since last request: 20.805521 seconds.
  path: Assets/New Folder
  artifactKey: Guid(62ef33a51f1db6449adfcf0fdd9118d8) Importer(815301076,1909f56bfc062723c751e8b465ee728b)
Start importing Assets/New Folder using Guid(62ef33a51f1db6449adfcf0fdd9118d8) Importer(815301076,1909f56bfc062723c751e8b465ee728b)  -> (artifact id: 'd2fb634bb1d6e30d3936986daf26cb41') in 0.000335 seconds
Number of updated asset objects reloaded before import = 0
Number of asset objects unloaded after import = 0
========================================================================
Received Import Request.
  Time since last request: 83.144513 seconds.
  path: Assets/active-ragdolls-master
  artifactKey: Guid(0948fba65e26948478880e5ce895dfbc) Importer(815301076,1909f56bfc062723c751e8b465ee728b)
Start importing Assets/active-ragdolls-master using Guid(0948fba65e26948478880e5ce895dfbc) Importer(815301076,1909f56bfc062723c751e8b465ee728b)  -> (artifact id: 'c2fcaf72261f0f79402514a4f46b28fc') in 0.000339 seconds
Number of updated asset objects reloaded before import = 0
Number of asset objects unloaded after import = 0
========================================================================
Received Import Request.
  Time since last request: 13.694563 seconds.
  path: Assets/active-ragdolls-master/active-ragdolls
  artifactKey: Guid(3cec1404bda46934d9cb7f517bac5dc4) Importer(815301076,1909f56bfc062723c751e8b465ee728b)
Start importing Assets/active-ragdolls-master/active-ragdolls using Guid(3cec1404bda46934d9cb7f517bac5dc4) Importer(815301076,1909f56bfc062723c751e8b465ee728b)  -> (artifact id: '85b49f8d2e5a9d0cb9ed20686910db7c') in 0.000323 seconds
Number of updated asset objects reloaded before import = 0
Number of asset objects unloaded after import = 0
========================================================================
Received Import Request.
  Time since last request: 1.313373 seconds.
  path: Assets/active-ragdolls-master/active-ragdolls/Assets
  artifactKey: Guid(2a6c583cfbdc87e43ab62bd4602e9608) Importer(815301076,1909f56bfc062723c751e8b465ee728b)
Start importing Assets/active-ragdolls-master/active-ragdolls/Assets using Guid(2a6c583cfbdc87e43ab62bd4602e9608) Importer(815301076,1909f56bfc062723c751e8b465ee728b)  -> (artifact id: '887a7ef20e8033b4c5d904f76122fccb') in 0.000336 seconds
Number of updated asset objects reloaded before import = 0
Number of asset objects unloaded after import = 0
========================================================================
Received Import Request.
  Time since last request: 65.096701 seconds.
  path: Assets/active-ragdolls-master/active-ragdolls/Assets/Scripts
  artifactKey: Guid(f9882e8419a0d514e971d7e47f174f69) Importer(815301076,1909f56bfc062723c751e8b465ee728b)
Start importing Assets/active-ragdolls-master/active-ragdolls/Assets/Scripts using Guid(f9882e8419a0d514e971d7e47f174f69) Importer(815301076,1909f56bfc062723c751e8b465ee728b)  -> (artifact id: 'f504a528b73d5e1212c430e9338c46e1') in 0.000625 seconds
Number of updated asset objects reloaded before import = 0
Number of asset objects unloaded after import = 0
========================================================================
Received Import Request.
  Time since last request: 1.252126 seconds.
  path: Assets/active-ragdolls-master/active-ragdolls/Assets/Scripts/Active Ragdoll
  artifactKey: Guid(911bcb3c17768da45b8506f2836f713e) Importer(815301076,1909f56bfc062723c751e8b465ee728b)
Start importing Assets/active-ragdolls-master/active-ragdolls/Assets/Scripts/Active Ragdoll using Guid(911bcb3c17768da45b8506f2836f713e) Importer(815301076,1909f56bfc062723c751e8b465ee728b)  -> (artifact id: '0ea5baf6136e6cc81302c8fa0e54f2aa') in 0.000523 seconds
Number of updated asset objects reloaded before import = 0
Number of asset objects unloaded after import = 0
========================================================================
Received Import Request.
  Time since last request: 8.517625 seconds.
  path: Assets/active-ragdolls-master/active-ragdolls/Packages
  artifactKey: Guid(c4317209f7e5ce447a0dc0140a9e4483) Importer(815301076,1909f56bfc062723c751e8b465ee728b)
Start importing Assets/active-ragdolls-master/active-ragdolls/Packages using Guid(c4317209f7e5ce447a0dc0140a9e4483) Importer(815301076,1909f56bfc062723c751e8b465ee728b)  -> (artifact id: 'c62601e7ec94781b9e9af56d9f7e2034') in 0.000522 seconds
Number of updated asset objects reloaded before import = 0
Number of asset objects unloaded after import = 0
========================================================================
Received Import Request.
  Time since last request: 1.943263 seconds.
  path: Assets/active-ragdolls-master/active-ragdolls/ProjectSettings
  artifactKey: Guid(2c6aa15efcd9da04c8a72049ea37ddd0) Importer(815301076,1909f56bfc062723c751e8b465ee728b)
Start importing Assets/active-ragdolls-master/active-ragdolls/ProjectSettings using Guid(2c6aa15efcd9da04c8a72049ea37ddd0) Importer(815301076,1909f56bfc062723c751e8b465ee728b)  -> (artifact id: 'ce03b5a9eb631ed3d058b513e4d9ccb3') in 0.000480 seconds
Number of updated asset objects reloaded before import = 0
Number of asset objects unloaded after import = 0
========================================================================
Received Import Request.
  Time since last request: 0.053569 seconds.
  path: Assets/active-ragdolls-master/active-ragdolls/ProjectSettings/AudioManager.asset
  artifactKey: Guid(b76c4e96bfa35ce4a88dc78b1d591346) Importer(815301076,1909f56bfc062723c751e8b465ee728b)
Start importing Assets/active-ragdolls-master/active-ragdolls/ProjectSettings/AudioManager.asset using Guid(b76c4e96bfa35ce4a88dc78b1d591346) Importer(815301076,1909f56bfc062723c751e8b465ee728b)  -> (artifact id: 'd6739978615f154c89e5a9841dc3f67d') in 0.000890 seconds
Number of updated asset objects reloaded before import = 0
Number of asset objects unloaded after import = 0
========================================================================
Received Import Request.
  Time since last request: 0.000011 seconds.
  path: Assets/active-ragdolls-master/active-ragdolls/ProjectSettings/DynamicsManager.asset
  artifactKey: Guid(f4232ad557891824983f18a01601d366) Importer(815301076,1909f56bfc062723c751e8b465ee728b)
Start importing Assets/active-ragdolls-master/active-ragdolls/ProjectSettings/DynamicsManager.asset using Guid(f4232ad557891824983f18a01601d366) Importer(815301076,1909f56bfc062723c751e8b465ee728b)  -> (artifact id: '5146c3c877b5264427343ae16d3b77e4') in 0.000600 seconds
Number of updated asset objects reloaded before import = 0
Number of asset objects unloaded after import = 0
========================================================================
Received Import Request.
  Time since last request: 0.000009 seconds.
  path: Assets/active-ragdolls-master/active-ragdolls/ProjectSettings/EditorBuildSettings.asset
  artifactKey: Guid(a3d126da823b9d74191eabf7ce2215b7) Importer(815301076,1909f56bfc062723c751e8b465ee728b)
Start importing Assets/active-ragdolls-master/active-ragdolls/ProjectSettings/EditorBuildSettings.asset using Guid(a3d126da823b9d74191eabf7ce2215b7) Importer(815301076,1909f56bfc062723c751e8b465ee728b)  -> (artifact id: 'ea5591d790d1a999e6369590557c5045') in 0.000568 seconds
Number of updated asset objects reloaded before import = 0
Number of asset objects unloaded after import = 0
========================================================================
Received Import Request.
  Time since last request: 0.000129 seconds.
  path: Assets/active-ragdolls-master/active-ragdolls/ProjectSettings/GraphicsSettings.asset
  artifactKey: Guid(09fed7958d4ed66468a4b10eaac6aef6) Importer(815301076,1909f56bfc062723c751e8b465ee728b)
Start importing Assets/active-ragdolls-master/active-ragdolls/ProjectSettings/GraphicsSettings.asset using Guid(09fed7958d4ed66468a4b10eaac6aef6) Importer(815301076,1909f56bfc062723c751e8b465ee728b)  -> (artifact id: '07c63dbe9ea690c356388b40ce07f688') in 0.000745 seconds
Number of updated asset objects reloaded before import = 0
Number of asset objects unloaded after import = 0
========================================================================
Received Import Request.
  Time since last request: 0.000234 seconds.
  path: Assets/active-ragdolls-master/active-ragdolls/ProjectSettings/PackageManagerSettings.asset
  artifactKey: Guid(800738e280892bc469af6f5109651bf4) Importer(815301076,1909f56bfc062723c751e8b465ee728b)
Start importing Assets/active-ragdolls-master/active-ragdolls/ProjectSettings/PackageManagerSettings.asset using Guid(800738e280892bc469af6f5109651bf4) Importer(815301076,1909f56bfc062723c751e8b465ee728b)  -> (artifact id: '64ab0040058028440459e07f97e4d1a1') in 0.000533 seconds
Number of updated asset objects reloaded before import = 0
Number of asset objects unloaded after import = 0
========================================================================
Received Import Request.
  Time since last request: 0.000064 seconds.
  path: Assets/active-ragdolls-master/active-ragdolls/ProjectSettings/ProjectSettings.asset
  artifactKey: Guid(322ee39405b44a94b855dfa8e1e45c15) Importer(815301076,1909f56bfc062723c751e8b465ee728b)
Start importing Assets/active-ragdolls-master/active-ragdolls/ProjectSettings/ProjectSettings.asset using Guid(322ee39405b44a94b855dfa8e1e45c15) Importer(815301076,1909f56bfc062723c751e8b465ee728b)  -> (artifact id: 'd1df14ccc054c76768c1e7b39b5137a7') in 0.000572 seconds
Number of updated asset objects reloaded before import = 0
Number of asset objects unloaded after import = 0
========================================================================
Received Import Request.
  Time since last request: 0.001092 seconds.
  path: Assets/active-ragdolls-master/active-ragdolls/ProjectSettings/QualitySettings.asset
  artifactKey: Guid(eda61d864df8e7f40b0636545c1586c4) Importer(815301076,1909f56bfc062723c751e8b465ee728b)
Start importing Assets/active-ragdolls-master/active-ragdolls/ProjectSettings/QualitySettings.asset using Guid(eda61d864df8e7f40b0636545c1586c4) Importer(815301076,1909f56bfc062723c751e8b465ee728b)  -> (artifact id: '3a54c422cc9781a30c3da0f69a7e9224') in 0.000516 seconds
Number of updated asset objects reloaded before import = 0
Number of asset objects unloaded after import = 0
========================================================================
Received Import Request.
  Time since last request: 0.000049 seconds.
  path: Assets/active-ragdolls-master/active-ragdolls/ProjectSettings/TagManager.asset
  artifactKey: Guid(a6b1ff25b114e8d4288dc1ad0002fe3b) Importer(815301076,1909f56bfc062723c751e8b465ee728b)
Start importing Assets/active-ragdolls-master/active-ragdolls/ProjectSettings/TagManager.asset using Guid(a6b1ff25b114e8d4288dc1ad0002fe3b) Importer(815301076,1909f56bfc062723c751e8b465ee728b)  -> (artifact id: '403381cbdd4e9245c9a19d7b0edd28d8') in 0.000553 seconds
Number of updated asset objects reloaded before import = 0
Number of asset objects unloaded after import = 0
========================================================================
Received Import Request.
  Time since last request: 0.000096 seconds.
  path: Assets/active-ragdolls-master/active-ragdolls/ProjectSettings/TimeManager.asset
  artifactKey: Guid(17dfaffee97c87243aac29bfba5f854e) Importer(815301076,1909f56bfc062723c751e8b465ee728b)
Start importing Assets/active-ragdolls-master/active-ragdolls/ProjectSettings/TimeManager.asset using Guid(17dfaffee97c87243aac29bfba5f854e) Importer(815301076,1909f56bfc062723c751e8b465ee728b)  -> (artifact id: 'b55687cc9c465ed278c353b46efc2356') in 0.000589 seconds
Number of updated asset objects reloaded before import = 0
Number of asset objects unloaded after import = 0
========================================================================
Received Import Request.
  Time since last request: 0.001092 seconds.
  path: Assets/active-ragdolls-master/active-ragdolls/ProjectSettings/VersionControlSettings.asset
  artifactKey: Guid(b7a40597e06711142bf8062c778a73ce) Importer(815301076,1909f56bfc062723c751e8b465ee728b)
Start importing Assets/active-ragdolls-master/active-ragdolls/ProjectSettings/VersionControlSettings.asset using Guid(b7a40597e06711142bf8062c778a73ce) Importer(815301076,1909f56bfc062723c751e8b465ee728b)  -> (artifact id: '81a1b73474977e5460fc2914d4d6cbb8') in 0.000295 seconds
Number of updated asset objects reloaded before import = 0
Number of asset objects unloaded after import = 0
========================================================================
Received Import Request.
  Time since last request: 0.000366 seconds.
  path: Assets/active-ragdolls-master/active-ragdolls/ProjectSettings/VFXManager.asset
  artifactKey: Guid(9aae14e61311c06439f3ca787871752e) Importer(815301076,1909f56bfc062723c751e8b465ee728b)
Start importing Assets/active-ragdolls-master/active-ragdolls/ProjectSettings/VFXManager.asset using Guid(9aae14e61311c06439f3ca787871752e) Importer(815301076,1909f56bfc062723c751e8b465ee728b)  -> (artifact id: 'ca450d1f8d0f41ac8a0287fcda25414b') in 0.000383 seconds
Number of updated asset objects reloaded before import = 0
Number of asset objects unloaded after import = 0
========================================================================
Received Import Request.
  Time since last request: 0.000210 seconds.
  path: Assets/active-ragdolls-master/active-ragdolls/ProjectSettings/XRSettings.asset
  artifactKey: Guid(ab703c78d0d470b47a896cc7338851a2) Importer(815301076,1909f56bfc062723c751e8b465ee728b)
Start importing Assets/active-ragdolls-master/active-ragdolls/ProjectSettings/XRSettings.asset using Guid(ab703c78d0d470b47a896cc7338851a2) Importer(815301076,1909f56bfc062723c751e8b465ee728b) Failed to load 'F:/Unity/Chem Game/Assets/active-ragdolls-master/active-ragdolls/ProjectSettings/XRSettings.asset'. File may be corrupted or was serialized with a newer version of Unity.
 -> (artifact id: '85067d5b32d046acc2df93f5b9e6ec1c') in 0.000479 seconds
Number of updated asset objects reloaded before import = 0
Number of asset objects unloaded after import = 0
========================================================================
Received Prepare
Begin MonoManager ReloadAssembly
- Loaded All Assemblies, in  0.365 seconds
Refreshing native plugins compatible for Editor in 1.12 ms, found 3 plugins.
Native extension for WindowsStandalone target not found
Native extension for WebGL target not found
[Package Manager] Server::EnsureServerProcessIsRunning -- launch failed, reason: Unity was launched with the -noUpm command-line argument
[Package Manager] UpmClient::Send -- Unable to send message (not connected to UPM process).
[Package Manager] Cannot connect to Unity Package Manager local server
Mono: successfully reloaded assembly
- Finished resetting the current domain, in  0.651 seconds
Domain Reload Profiling: 1016ms
	BeginReloadAssembly (161ms)
		ExecutionOrderSort (0ms)
		DisableScriptedObjects (5ms)
		BackupInstance (0ms)
		ReleaseScriptingObjects (0ms)
		CreateAndSetChildDomain (42ms)
	RebuildCommonClasses (24ms)
	RebuildNativeTypeToScriptingClass (8ms)
	initialDomainReloadingComplete (20ms)
	LoadAllAssembliesAndSetupDomain (152ms)
		LoadAssemblies (215ms)
		RebuildTransferFunctionScriptingTraits (0ms)
		AnalyzeDomain (12ms)
			TypeCache.Refresh (5ms)
				TypeCache.ScanAssembly (0ms)
			ScanForSourceGeneratedMonoScriptInfo (0ms)
			ResolveRequiredComponents (6ms)
	FinalizeReload (651ms)
		ReleaseScriptCaches (0ms)
		RebuildScriptCaches (0ms)
		SetupLoadedEditorAssemblies (400ms)
			LogAssemblyErrors (0ms)
			InitializePlatformSupportModulesInManaged (4ms)
			SetLoadedEditorAssemblies (4ms)
			RefreshPlugins (0ms)
			BeforeProcessingInitializeOnLoad (41ms)
			ProcessInitializeOnLoadAttributes (335ms)
			ProcessInitializeOnLoadMethodAttributes (14ms)
			AfterProcessingInitializeOnLoad (1ms)
			EditorAssembliesLoaded (0ms)
		ExecutionOrderSort2 (0ms)
		AwakeInstancesAfterBackupRestoration (5ms)
Refreshing native plugins compatible for Editor in 0.83 ms, found 3 plugins.
Preloading 0 native plugins for Editor in 0.00 ms.
Unloading 3085 Unused Serialized files (Serialized files now loaded: 0)
Unloading 23 unused Assets / (31.1 KB). Loaded Objects now: 3574.
Memory consumption went from 131.6 MB to 131.6 MB.
Total: 2.314800 ms (FindLiveObjects: 0.145300 ms CreateObjectMapping: 0.076200 ms MarkObjects: 2.050700 ms  DeleteObjects: 0.041400 ms)

Prepare: number of updated asset objects reloaded= 0
AssetImportParameters requested are different than current active one (requested -> active):
  custom:container-demuxer-ogg: 62fdf1f143b41e24485cea50d1cbac27 -> 
  custom:video-decoder-ogg-theora: a1e56fd34408186e4bbccfd4996cb3dc -> 
  custom:framework-win-MediaFoundation: 216162199b28c13a410421893ffa2e32 -> 
  custom:CustomObjectIndexerAttribute: 9a22284fe3817be447336de3de66b15e -> 
  custom:container-demuxer-webm: 4f35f7cbe854078d1ac9338744f61a02 -> 
  custom:container-muxer-webm: aa71ff27fc2769a1b78a27578f13a17b -> 
  custom:video-decoder-webm-vp8: 9c59270c3fd7afecdb556c50c9e8de78 -> 
  custom:SearchIndexIgnoredProperties: e643bd26f0fe6173181afceb89e7c659 -> 
  custom:AudioImporter_EditorPlatform: d09bf68614088b80899f8185d706f6e7 -> 
  custom:video-encoder-webm-vp8: eb34c28f22e8b96e1ab97ce403110664 -> 
  custom:audio-decoder-ogg-vorbis: bf7c407c2cedff20999df2af8eb42d56 -> 
  custom:audio-encoder-webm-vorbis: bf7c407c2cedff20999df2af8eb42d56 -> 
========================================================================
Received Prepare
Begin MonoManager ReloadAssembly
- Loaded All Assemblies, in  0.313 seconds
Refreshing native plugins compatible for Editor in 0.90 ms, found 3 plugins.
Native extension for WindowsStandalone target not found
Native extension for WebGL target not found
[Package Manager] Server::EnsureServerProcessIsRunning -- launch failed, reason: Unity was launched with the -noUpm command-line argument
[Package Manager] UpmClient::Send -- Unable to send message (not connected to UPM process).
[Package Manager] Cannot connect to Unity Package Manager local server
Mono: successfully reloaded assembly
- Finished resetting the current domain, in  0.606 seconds
Domain Reload Profiling: 920ms
	BeginReloadAssembly (116ms)
		ExecutionOrderSort (0ms)
		DisableScriptedObjects (5ms)
		BackupInstance (0ms)
		ReleaseScriptingObjects (0ms)
		CreateAndSetChildDomain (26ms)
	RebuildCommonClasses (23ms)
	RebuildNativeTypeToScriptingClass (7ms)
	initialDomainReloadingComplete (17ms)
	LoadAllAssembliesAndSetupDomain (150ms)
		LoadAssemblies (194ms)
		RebuildTransferFunctionScriptingTraits (0ms)
		AnalyzeDomain (17ms)
			TypeCache.Refresh (8ms)
				TypeCache.ScanAssembly (0ms)
			ScanForSourceGeneratedMonoScriptInfo (5ms)
			ResolveRequiredComponents (3ms)
	FinalizeReload (607ms)
		ReleaseScriptCaches (0ms)
		RebuildScriptCaches (0ms)
		SetupLoadedEditorAssemblies (393ms)
			LogAssemblyErrors (0ms)
			InitializePlatformSupportModulesInManaged (4ms)
			SetLoadedEditorAssemblies (3ms)
			RefreshPlugins (0ms)
			BeforeProcessingInitializeOnLoad (37ms)
			ProcessInitializeOnLoadAttributes (335ms)
			ProcessInitializeOnLoadMethodAttributes (13ms)
			AfterProcessingInitializeOnLoad (1ms)
			EditorAssembliesLoaded (0ms)
		ExecutionOrderSort2 (0ms)
		AwakeInstancesAfterBackupRestoration (5ms)
Refreshing native plugins compatible for Editor in 0.91 ms, found 3 plugins.
Preloading 0 native plugins for Editor in 0.00 ms.
Unloading 3087 Unused Serialized files (Serialized files now loaded: 0)
Unloading 23 unused Assets / (31.1 KB). Loaded Objects now: 3578.
Memory consumption went from 133.8 MB to 133.8 MB.
Total: 2.762000 ms (FindLiveObjects: 0.185500 ms CreateObjectMapping: 0.077500 ms MarkObjects: 2.447500 ms  DeleteObjects: 0.050500 ms)

Prepare: number of updated asset objects reloaded= 0
AssetImportParameters requested are different than current active one (requested -> active):
  custom:container-demuxer-ogg: 62fdf1f143b41e24485cea50d1cbac27 -> 
  custom:video-decoder-ogg-theora: a1e56fd34408186e4bbccfd4996cb3dc -> 
  custom:framework-win-MediaFoundation: 216162199b28c13a410421893ffa2e32 -> 
  custom:CustomObjectIndexerAttribute: 9a22284fe3817be447336de3de66b15e -> 
  custom:container-demuxer-webm: 4f35f7cbe854078d1ac9338744f61a02 -> 
  custom:container-muxer-webm: aa71ff27fc2769a1b78a27578f13a17b -> 
  custom:video-decoder-webm-vp8: 9c59270c3fd7afecdb556c50c9e8de78 -> 
  custom:SearchIndexIgnoredProperties: e643bd26f0fe6173181afceb89e7c659 -> 
  custom:AudioImporter_EditorPlatform: d09bf68614088b80899f8185d706f6e7 -> 
  custom:video-encoder-webm-vp8: eb34c28f22e8b96e1ab97ce403110664 -> 
  custom:audio-decoder-ogg-vorbis: bf7c407c2cedff20999df2af8eb42d56 -> 
  custom:audio-encoder-webm-vorbis: bf7c407c2cedff20999df2af8eb42d56 -> 
========================================================================
Received Import Request.
  Time since last request: 281.952749 seconds.
  path: Assets/Player Movement.cs
  artifactKey: Guid(d0818a4e713ef2e4d9335d9bb5badd24) Importer(815301076,1909f56bfc062723c751e8b465ee728b)
Start importing Assets/Player Movement.cs using Guid(d0818a4e713ef2e4d9335d9bb5badd24) Importer(815301076,1909f56bfc062723c751e8b465ee728b)  -> (artifact id: '90ab1a932a65fd3b5daad27e8844dbef') in 0.003608 seconds
Number of updated asset objects reloaded before import = 0
Number of asset objects unloaded after import = 0
